Found 9 QC-pass cluster(s)
Processing cluster: cluster_001
  Trimming...
  Resolving...
  Done: cluster_001
Processing cluster: cluster_002
  Trimming...
  Generating dotplots...
  Resolving...
  Done: cluster_002
Processing cluster: cluster_007
  Trimming...
  Generating dotplots...
  Resolving...
  Done: cluster_007
Processing cluster: cluster_014
  Trimming...
  Generating dotplots...
  Resolving...
  Done: cluster_014
Processing cluster: cluster_018
  Trimming...
  Generating dotplots...
  Resolving...
  Done: cluster_018
Processing cluster: cluster_023
  Trimming...
  Generating dotplots...
  Resolving...
  Done: cluster_023
Processing cluster: cluster_037
  Trimming...
  Generating dotplots...
  Resolving...
  Done: cluster_037
Processing cluster: cluster_042
  Trimming...
  Generating dotplots...
  Resolving...
  Done: cluster_042
Processing cluster: cluster_085
  Trimming...
  Generating dotplots...
  Resolving...
  Done: cluster_085
All clusters trimmed and resolved.
/work/fauverlab/zachpella/Bb_WGS_Apr2026/autocycler_out/clustering/qc_pass/cluster_001/5_final.gfa
/work/fauverlab/zachpella/Bb_WGS_Apr2026/autocycler_out/clustering/qc_pass/cluster_002/5_final.gfa
/work/fauverlab/zachpella/Bb_WGS_Apr2026/autocycler_out/clustering/qc_pass/cluster_007/5_final.gfa
/work/fauverlab/zachpella/Bb_WGS_Apr2026/autocycler_out/clustering/qc_pass/cluster_014/5_final.gfa
/work/fauverlab/zachpella/Bb_WGS_Apr2026/autocycler_out/clustering/qc_pass/cluster_018/5_final.gfa
/work/fauverlab/zachpella/Bb_WGS_Apr2026/autocycler_out/clustering/qc_pass/cluster_023/5_final.gfa
/work/fauverlab/zachpella/Bb_WGS_Apr2026/autocycler_out/clustering/qc_pass/cluster_037/5_final.gfa
/work/fauverlab/zachpella/Bb_WGS_Apr2026/autocycler_out/clustering/qc_pass/cluster_042/5_final.gfa
/work/fauverlab/zachpella/Bb_WGS_Apr2026/autocycler_out/clustering/qc_pass/cluster_085/5_final.gfa
